19:02:24.153 [TestNG-tests-2] INFO  testCases.TC003_LoginDDT - ***** starting TC003_LoginDDTTest *****
19:02:24.161 [TestNG-tests-2] INFO  testCases.TC003_LoginDDT - ***** Finished TC003_LoginDDTTest *****
19:02:24.165 [TestNG-tests-2] INFO  testCases.TC003_LoginDDT - ***** starting TC003_LoginDDTTest *****
19:02:24.165 [TestNG-tests-2] INFO  testCases.TC003_LoginDDT - ***** Finished TC003_LoginDDTTest *****
19:02:24.168 [TestNG-tests-2] INFO  testCases.TC003_LoginDDT - ***** starting TC003_LoginDDTTest *****
19:02:24.169 [TestNG-tests-2] INFO  testCases.TC003_LoginDDT - ***** Finished TC003_LoginDDTTest *****
19:03:54.356 [main] INFO  org.testng.internal.Utils - [TestNG] Running:
  C:\Users\ArvindKumar\IdeaProjects\OpencartV121\grid-docker.xml

19:09:11.939 [main] INFO  org.testng.internal.Utils - [TestNG] Running:
  C:\Users\ArvindKumar\IdeaProjects\OpencartV121\grid-docker.xml

19:09:16.754 [main] INFO  testCases.TC001_AccountRegistrationTest - **** Starting TC001_AccountRegistrationTest **** 
19:09:17.024 [main] INFO  testCases.TC001_AccountRegistrationTest - clicked on My account link
19:09:17.669 [main] INFO  testCases.TC001_AccountRegistrationTest - clicked on Resister link
19:09:17.670 [main] INFO  testCases.TC001_AccountRegistrationTest - Providing customer details...
19:09:18.789 [main] INFO  testCases.TC001_AccountRegistrationTest - validating expected message...
19:09:18.825 [main] INFO  testCases.TC001_AccountRegistrationTest - **** Finished TC001_AccountRegistrationTest **** 
19:09:35.052 [main] INFO  org.testng.internal.Utils - [TestNG] Running:
  C:\Users\ArvindKumar\IdeaProjects\OpencartV121\grid-docker.xml

19:09:38.621 [main] INFO  testCases.TC001_AccountRegistrationTest - **** Starting TC001_AccountRegistrationTest **** 
19:09:38.873 [main] INFO  testCases.TC001_AccountRegistrationTest - clicked on My account link
19:09:39.358 [main] INFO  testCases.TC001_AccountRegistrationTest - clicked on Resister link
19:09:39.358 [main] INFO  testCases.TC001_AccountRegistrationTest - Providing customer details...
19:09:40.407 [main] INFO  testCases.TC001_AccountRegistrationTest - validating expected message...
19:09:40.433 [main] INFO  testCases.TC001_AccountRegistrationTest - **** Finished TC001_AccountRegistrationTest **** 
19:09:44.025 [main] INFO  testCases.TC002_LoginTest - ***** starting TC002_LoginTest *****
19:09:44.277 [main] INFO  testCases.TC002_LoginTest - moving to login page
19:09:44.510 [main] INFO  testCases.TC002_LoginTest - setting email from config.properties
19:09:44.568 [main] INFO  testCases.TC002_LoginTest - setting password from config.properties
19:09:44.596 [main] INFO  testCases.TC002_LoginTest - clicking Login button
19:09:45.299 [main] INFO  testCases.TC002_LoginTest - verifying if my Account page ios loaded! 
19:09:45.300 [main] INFO  testCases.TC002_LoginTest - ***** finished TC002_LoginTest *****
19:09:55.543 [main] INFO  org.testng.internal.Utils - [TestNG] Running:
  C:\Users\ArvindKumar\IdeaProjects\OpencartV121\grid-docker.xml

19:09:59.199 [main] INFO  testCases.TC001_AccountRegistrationTest - **** Starting TC001_AccountRegistrationTest **** 
19:09:59.458 [main] INFO  testCases.TC001_AccountRegistrationTest - clicked on My account link
19:09:59.846 [main] INFO  testCases.TC001_AccountRegistrationTest - clicked on Resister link
19:09:59.846 [main] INFO  testCases.TC001_AccountRegistrationTest - Providing customer details...
19:10:00.975 [main] INFO  testCases.TC001_AccountRegistrationTest - validating expected message...
19:10:01.005 [main] INFO  testCases.TC001_AccountRegistrationTest - **** Finished TC001_AccountRegistrationTest **** 
19:10:05.242 [main] INFO  testCases.TC002_LoginTest - ***** starting TC002_LoginTest *****
19:10:05.491 [main] INFO  testCases.TC002_LoginTest - moving to login page
19:10:05.787 [main] INFO  testCases.TC002_LoginTest - setting email from config.properties
19:10:05.850 [main] INFO  testCases.TC002_LoginTest - setting password from config.properties
19:10:05.881 [main] INFO  testCases.TC002_LoginTest - clicking Login button
19:10:06.624 [main] INFO  testCases.TC002_LoginTest - verifying if my Account page ios loaded! 
19:10:06.624 [main] INFO  testCases.TC002_LoginTest - ***** finished TC002_LoginTest *****
19:10:11.096 [main] INFO  testCases.TC003_LoginDDT - ***** starting TC003_LoginDDTTest *****
19:10:12.668 [main] INFO  testCases.TC003_LoginDDT - ***** Finished TC003_LoginDDTTest *****
19:10:12.669 [main] INFO  testCases.TC003_LoginDDT - ***** starting TC003_LoginDDTTest *****
19:10:23.775 [main] INFO  testCases.TC003_LoginDDT - ***** Finished TC003_LoginDDTTest *****
19:10:23.776 [main] INFO  testCases.TC003_LoginDDT - ***** starting TC003_LoginDDTTest *****
19:10:34.765 [main] INFO  testCases.TC003_LoginDDT - ***** Finished TC003_LoginDDTTest *****
19:10:34.766 [main] INFO  testCases.TC003_LoginDDT - ***** starting TC003_LoginDDTTest *****
19:10:45.776 [main] INFO  testCases.TC003_LoginDDT - ***** Finished TC003_LoginDDTTest *****
