00:45:38.184 [main] INFO  testCases.TC001_AccountRegistrationTest - Providing customer details...
00:45:39.433 [main] INFO  testCases.TC001_AccountRegistrationTest - validating expected message...
00:45:39.478 [main] INFO  testCases.TC001_AccountRegistrationTest - **** Finished TC001_AccountRegistrationTest **** 
00:45:41.219 [main] INFO  testCases.TC002_LoginTest - ***** starting TC002_LoginTest *****
00:45:41.345 [main] INFO  testCases.TC002_LoginTest - moving to login page
00:45:41.625 [main] INFO  testCases.TC002_LoginTest - setting email from config.properties
00:45:41.732 [main] INFO  testCases.TC002_LoginTest - setting password from config.properties
00:45:41.797 [main] INFO  testCases.TC002_LoginTest - clicking Login button
00:45:42.578 [main] INFO  testCases.TC002_LoginTest - verifying if my Account page ios loaded! 
00:45:42.578 [main] INFO  testCases.TC002_LoginTest - ***** finished TC002_LoginTest *****
00:45:45.067 [main] INFO  testCases.TC003_LoginDDT - ***** starting TC003_LoginDDTTest *****
00:45:46.691 [main] INFO  testCases.TC003_LoginDDT - ***** Finished TC003_LoginDDTTest *****
00:45:46.692 [main] INFO  testCases.TC003_LoginDDT - ***** starting TC003_LoginDDTTest *****
00:46:10.188 [main] INFO  testCases.TC003_LoginDDT - ***** Finished TC003_LoginDDTTest *****
00:46:10.218 [main] INFO  testCases.TC003_LoginDDT - ***** starting TC003_LoginDDTTest *****
00:46:10.236 [main] INFO  testCases.TC003_LoginDDT - ***** Finished TC003_LoginDDTTest *****
00:46:10.255 [main] INFO  testCases.TC003_LoginDDT - ***** starting TC003_LoginDDTTest *****
00:46:10.272 [main] INFO  testCases.TC003_LoginDDT - ***** Finished TC003_LoginDDTTest *****
00:47:23.070 [main] INFO  testCases.TC001_AccountRegistrationTest - **** Starting TC001_AccountRegistrationTest **** 
00:47:23.168 [main] INFO  testCases.TC001_AccountRegistrationTest - clicked on My account link
00:47:23.575 [main] INFO  testCases.TC001_AccountRegistrationTest - clicked on Resister link
00:47:23.576 [main] INFO  testCases.TC001_AccountRegistrationTest - Providing customer details...
00:47:24.891 [main] INFO  testCases.TC001_AccountRegistrationTest - validating expected message...
00:47:24.955 [main] INFO  testCases.TC001_AccountRegistrationTest - **** Finished TC001_AccountRegistrationTest **** 
00:47:26.943 [main] INFO  testCases.TC002_LoginTest - ***** starting TC002_LoginTest *****
00:47:27.053 [main] INFO  testCases.TC002_LoginTest - moving to login page
00:47:27.354 [main] INFO  testCases.TC002_LoginTest - setting email from config.properties
00:47:27.479 [main] INFO  testCases.TC002_LoginTest - setting password from config.properties
00:47:27.560 [main] INFO  testCases.TC002_LoginTest - clicking Login button
00:47:28.262 [main] INFO  testCases.TC002_LoginTest - verifying if my Account page ios loaded! 
00:47:28.262 [main] INFO  testCases.TC002_LoginTest - ***** finished TC002_LoginTest *****
00:47:31.230 [main] INFO  testCases.TC003_LoginDDT - ***** starting TC003_LoginDDTTest *****
00:47:33.089 [main] INFO  testCases.TC003_LoginDDT - ***** Finished TC003_LoginDDTTest *****
00:47:33.090 [main] INFO  testCases.TC003_LoginDDT - ***** starting TC003_LoginDDTTest *****
00:47:54.856 [main] INFO  testCases.TC003_LoginDDT - ***** Finished TC003_LoginDDTTest *****
00:47:54.858 [main] INFO  testCases.TC003_LoginDDT - ***** starting TC003_LoginDDTTest *****
00:47:54.874 [main] INFO  testCases.TC003_LoginDDT - ***** Finished TC003_LoginDDTTest *****
00:47:54.901 [main] INFO  testCases.TC003_LoginDDT - ***** starting TC003_LoginDDTTest *****
00:47:54.917 [main] INFO  testCases.TC003_LoginDDT - ***** Finished TC003_LoginDDTTest *****
00:50:25.316 [main] INFO  testCases.TC001_AccountRegistrationTest - **** Starting TC001_AccountRegistrationTest **** 
00:50:25.503 [main] INFO  testCases.TC001_AccountRegistrationTest - clicked on My account link
00:50:25.970 [main] INFO  testCases.TC001_AccountRegistrationTest - clicked on Resister link
00:50:25.972 [main] INFO  testCases.TC001_AccountRegistrationTest - Providing customer details...
00:50:27.537 [main] INFO  testCases.TC001_AccountRegistrationTest - validating expected message...
00:50:27.582 [main] INFO  testCases.TC001_AccountRegistrationTest - **** Finished TC001_AccountRegistrationTest **** 
00:50:29.465 [main] INFO  testCases.TC002_LoginTest - ***** starting TC002_LoginTest *****
00:50:29.630 [main] INFO  testCases.TC002_LoginTest - moving to login page
00:50:29.989 [main] INFO  testCases.TC002_LoginTest - setting email from config.properties
00:50:30.167 [main] INFO  testCases.TC002_LoginTest - setting password from config.properties
00:50:30.297 [main] INFO  testCases.TC002_LoginTest - clicking Login button
00:50:31.175 [main] INFO  testCases.TC002_LoginTest - verifying if my Account page ios loaded! 
00:50:31.176 [main] INFO  testCases.TC002_LoginTest - ***** finished TC002_LoginTest *****
00:50:35.044 [main] INFO  testCases.TC003_LoginDDT - ***** starting TC003_LoginDDTTest *****
