15:03:49.788 [main] INFO  testCases.TC002_LoginTest - moving to login page
15:03:50.031 [main] INFO  testCases.TC002_LoginTest - setting email from config.properties
15:03:50.172 [main] INFO  testCases.TC002_LoginTest - setting password from config.properties
15:03:50.234 [main] INFO  testCases.TC002_LoginTest - clicking Login button
15:04:00.709 [main] INFO  testCases.TC002_LoginTest - verifying if my Account page ios loaded! 
15:04:03.179 [main] INFO  testCases.TC001_AccountRegistrationTest - **** Starting TC001_AccountRegistrationTest **** 
15:04:03.378 [main] INFO  testCases.TC001_AccountRegistrationTest - clicked on My account link
15:04:03.809 [main] INFO  testCases.TC001_AccountRegistrationTest - clicked on Resister link
15:04:03.810 [main] INFO  testCases.TC001_AccountRegistrationTest - Providing customer details...
15:04:04.772 [main] INFO  testCases.TC001_AccountRegistrationTest - validating expected message...
15:04:04.809 [main] INFO  testCases.TC001_AccountRegistrationTest - **** Finished TC001_AccountRegistrationTest **** 
15:06:28.111 [main] INFO  org.testng.internal.Utils - [TestNG] Running:
  C:\Users\ArvindKumar\IdeaProjects\OpencartV121\grouping.xml

15:06:30.952 [main] INFO  testCases.TC002_LoginTest - ***** starting TC002_LoginTest *****
15:06:31.017 [main] INFO  testCases.TC002_LoginTest - moving to login page
15:06:31.231 [main] INFO  testCases.TC002_LoginTest - setting email from config.properties
15:06:31.339 [main] INFO  testCases.TC002_LoginTest - setting password from config.properties
15:06:31.412 [main] INFO  testCases.TC002_LoginTest - clicking Login button
15:06:41.887 [main] INFO  testCases.TC002_LoginTest - verifying if my Account page ios loaded! 
15:06:44.369 [main] INFO  testCases.TC001_AccountRegistrationTest - **** Starting TC001_AccountRegistrationTest **** 
15:06:44.556 [main] INFO  testCases.TC001_AccountRegistrationTest - clicked on My account link
15:06:44.916 [main] INFO  testCases.TC001_AccountRegistrationTest - clicked on Resister link
15:06:44.917 [main] INFO  testCases.TC001_AccountRegistrationTest - Providing customer details...
15:06:46.180 [main] INFO  testCases.TC001_AccountRegistrationTest - validating expected message...
15:06:46.198 [main] INFO  testCases.TC001_AccountRegistrationTest - **** Finished TC001_AccountRegistrationTest **** 
15:07:17.562 [main] INFO  org.testng.internal.Utils - [TestNG] Running:
  C:\Users\ArvindKumar\IdeaProjects\OpencartV121\grouping.xml

15:07:20.184 [main] INFO  testCases.TC002_LoginTest - ***** starting TC002_LoginTest *****
15:07:20.376 [main] INFO  testCases.TC002_LoginTest - moving to login page
15:07:20.607 [main] INFO  testCases.TC002_LoginTest - setting email from config.properties
15:07:20.700 [main] INFO  testCases.TC002_LoginTest - setting password from config.properties
15:07:20.749 [main] INFO  testCases.TC002_LoginTest - clicking Login button
15:07:21.364 [main] INFO  testCases.TC002_LoginTest - verifying if my Account page ios loaded! 
15:07:21.367 [main] INFO  testCases.TC002_LoginTest - ***** finished TC002_LoginTest *****
15:07:23.865 [main] INFO  testCases.TC001_AccountRegistrationTest - **** Starting TC001_AccountRegistrationTest **** 
15:07:23.944 [main] INFO  testCases.TC001_AccountRegistrationTest - clicked on My account link
15:07:24.328 [main] INFO  testCases.TC001_AccountRegistrationTest - clicked on Resister link
15:07:24.329 [main] INFO  testCases.TC001_AccountRegistrationTest - Providing customer details...
15:07:25.195 [main] INFO  testCases.TC001_AccountRegistrationTest - validating expected message...
15:07:25.229 [main] INFO  testCases.TC001_AccountRegistrationTest - **** Finished TC001_AccountRegistrationTest **** 
15:10:16.054 [main] INFO  org.testng.internal.Utils - [TestNG] Running:
  C:\Users\ArvindKumar\IdeaProjects\OpencartV121\grouping.xml

15:10:18.777 [main] INFO  testCases.TC002_LoginTest - ***** starting TC002_LoginTest *****
15:10:18.837 [main] INFO  testCases.TC002_LoginTest - moving to login page
15:10:19.044 [main] INFO  testCases.TC002_LoginTest - setting email from config.properties
15:10:19.150 [main] INFO  testCases.TC002_LoginTest - setting password from config.properties
15:10:19.206 [main] INFO  testCases.TC002_LoginTest - clicking Login button
15:10:29.919 [main] INFO  testCases.TC002_LoginTest - verifying if my Account page ios loaded! 
15:10:32.463 [main] INFO  testCases.TC001_AccountRegistrationTest - **** Starting TC001_AccountRegistrationTest **** 
15:10:32.539 [main] INFO  testCases.TC001_AccountRegistrationTest - clicked on My account link
15:10:33.027 [main] INFO  testCases.TC001_AccountRegistrationTest - clicked on Resister link
15:10:33.028 [main] INFO  testCases.TC001_AccountRegistrationTest - Providing customer details...
15:10:34.084 [main] INFO  testCases.TC001_AccountRegistrationTest - validating expected message...
15:10:34.107 [main] INFO  testCases.TC001_AccountRegistrationTest - **** Finished TC001_AccountRegistrationTest **** 
